# JRE version: Java(TM) SE Runtime Environment (17.0.7+8) (build 17.0.7+8-LTS-224)
# Java VM: Java HotSpot(TM) 64-Bit Server VM (17.0.7+8-LTS-224, mixed mode, emulated-client, sharing, tiered, compressed oops, compressed class ptrs, g1 gc, windows-amd64)
GC Precious Log:
 CPUs: 2 total, 2 available
 Memory: 3935M
 Large Page Support: Disabled
 NUMA Support: Disabled
 Compressed Oops: Enabled (32-bit)
 Heap Region Size: 1M
 Heap Min Capacity: 8M
 Heap Initial Capacity: 62M
 Heap Max Capacity: 984M
 Pre-touch: Disabled
 Parallel Workers: 2
 Concurrent Workers: 1
 Concurrent Refinement Workers: 2
 Periodic GC: Disabled
Heap:
 garbage-first heap   total 58368K, used 28633K [0x00000000c2800000, 0x0000000100000000)
  region size 1024K, 15 young (15360K), 3 survivors (3072K)
 Metaspace       used 26507K, committed 26880K, reserved 1073152K
  class space    used 3716K, committed 3904K, reserved 1048576K
GC Heap History (18 events):
Event: 1.382 GC heap before
{Heap before GC invocations=0 (full 0):
 garbage-first heap   total 63488K, used 6144K [0x00000000c2800000, 0x0000000100000000)
  region size 1024K, 6 young (6144K), 0 survivors (0K)
 Metaspace       used 318K, committed 512K, reserved 1056768K
  class space    used 18K, committed 128K, reserved 1048576K
}
Event: 1.392 GC heap after
{Heap after GC invocations=1 (full 0):
 garbage-first heap   total 63488K, used 5284K [0x00000000c2800000, 0x0000000100000000)
  region size 1024K, 1 young (1024K), 1 survivors (1024K)
 Metaspace       used 318K, committed 512K, reserved 1056768K
  class space    used 18K, committed 128K, reserved 1048576K
}
Event: 1.911 GC heap before
{Heap before GC invocations=1 (full 0):
 garbage-first heap   total 63488K, used 7332K [0x00000000c2800000, 0x0000000100000000)
  region size 1024K, 3 young (3072K), 1 survivors (1024K)
 Metaspace       used 1856K, committed 1984K, reserved 1056768K
  class space    used 219K, committed 320K, reserved 1048576K
}
Event: 1.915 GC heap after
{Heap after GC invocations=2 (full 0):
 garbage-first heap   total 63488K, used 6194K [0x00000000c2800000, 0x0000000100000000)
  region size 1024K, 1 young (1024K), 1 survivors (1024K)
 Metaspace       used 1856K, committed 1984K, reserved 1056768K
  class space    used 219K, committed 320K, reserved 1048576K
}
Event: 3.203 GC heap before
{Heap before GC invocations=2 (full 0):
 garbage-first heap   total 63488K, used 12338K [0x00000000c2800000, 0x0000000100000000)
  region size 1024K, 7 young (7168K), 1 survivors (1024K)
 Metaspace       used 5851K, committed 6016K, reserved 1056768K
  class space    used 722K, committed 832K, reserved 1048576K
}
Event: 3.211 GC heap after
{Heap after GC invocations=3 (full 0):
 garbage-first heap   total 63488K, used 7305K [0x00000000c2800000, 0x0000000100000000)
  region size 1024K, 1 young (1024K), 1 survivors (1024K)
 Metaspace       used 5851K, committed 6016K, reserved 1056768K
  class space    used 722K, committed 832K, reserved 1048576K
}
Event: 4.486 GC heap before
{Heap before GC invocations=3 (full 0):
 garbage-first heap   total 63488K, used 18569K [0x00000000c2800000, 0x0000000100000000)
  region size 1024K, 13 young (13312K), 1 survivors (1024K)
 Metaspace       used 7714K, committed 8000K, reserved 1056768K
  class space    used 1002K, committed 1152K, reserved 1048576K
}
Event: 4.494 GC heap after
{Heap after GC invocations=4 (full 0):
 garbage-first heap   total 63488K, used 8221K [0x00000000c2800000, 0x0000000100000000)
  region size 1024K, 2 young (2048K), 2 survivors (2048K)
 Metaspace       used 7714K, committed 8000K, reserved 1056768K
  class space    used 1002K, committed 1152K, reserved 1048576K
}
Event: 6.653 GC heap before
{Heap before GC invocations=4 (full 0):
 garbage-first heap   total 63488K, used 28701K [0x00000000c2800000, 0x0000000100000000)
  region size 1024K, 23 young (23552K), 2 survivors (2048K)
 Metaspace       used 11895K, committed 12096K, reserved 1064960K
  class space    used 1631K, committed 1728K, reserved 1048576K
}
Event: 6.666 GC heap after
{Heap after GC invocations=5 (full 0):
 garbage-first heap   total 63488K, used 9986K [0x00000000c2800000, 0x0000000100000000)
  region size 1024K, 3 young (3072K), 3 survivors (3072K)
 Metaspace       used 11895K, committed 12096K, reserved 1064960K
  class space    used 1631K, committed 1728K, reserved 1048576K
}
Event: 9.353 GC heap before
{Heap before GC invocations=5 (full 0):
 garbage-first heap   total 63488K, used 40706K [0x00000000c2800000, 0x0000000100000000)
  region size 1024K, 34 young (34816K), 3 survivors (3072K)
 Metaspace       used 18436K, committed 18752K, reserved 1064960K
  class space    used 2497K, committed 2688K, reserved 1048576K
}
Event: 9.372 GC heap after
{Heap after GC invocations=6 (full 0):
 garbage-first heap   total 63488K, used 12483K [0x00000000c2800000, 0x0000000100000000)
  region size 1024K, 5 young (5120K), 5 survivors (5120K)
 Metaspace       used 18436K, committed 18752K, reserved 1064960K
  class space    used 2497K, committed 2688K, reserved 1048576K
}
Event: 12.249 GC heap before
{Heap before GC invocations=6 (full 0):
 garbage-first heap   total 63488K, used 41155K [0x00000000c2800000, 0x0000000100000000)
  region size 1024K, 34 young (34816K), 5 survivors (5120K)
 Metaspace       used 20571K, committed 20992K, reserved 1073152K
  class space    used 2789K, committed 3008K, reserved 1048576K
}
Event: 12.271 GC heap after
{Heap after GC invocations=7 (full 0):
 garbage-first heap   total 63488K, used 14923K [0x00000000c2800000, 0x0000000100000000)
  region size 1024K, 3 young (3072K), 3 survivors (3072K)
 Metaspace       used 20571K, committed 20992K, reserved 1073152K
  class space    used 2789K, committed 3008K, reserved 1048576K
}
Event: 12.612 GC heap before
{Heap before GC invocations=7 (full 0):
 garbage-first heap   total 63488K, used 20043K [0x00000000c2800000, 0x0000000100000000)
  region size 1024K, 9 young (9216K), 3 survivors (3072K)
 Metaspace       used 21144K, committed 21504K, reserved 1073152K
  class space    used 2879K, committed 3072K, reserved 1048576K
}
Event: 12.622 GC heap after
{Heap after GC invocations=8 (full 0):
 garbage-first heap   total 63488K, used 15288K [0x00000000c2800000, 0x0000000100000000)
  region size 1024K, 1 young (1024K), 1 survivors (1024K)
 Metaspace       used 21144K, committed 21504K, reserved 1073152K
  class space    used 2879K, committed 3072K, reserved 1048576K
}
Event: 15.198 GC heap before
{Heap before GC invocations=9 (full 0):
 garbage-first heap   total 58368K, used 47032K [0x00000000c2800000, 0x0000000100000000)
  region size 1024K, 32 young (32768K), 1 survivors (1024K)
 Metaspace       used 25037K, committed 25408K, reserved 1073152K
  class space    used 3473K, committed 3648K, reserved 1048576K
}
Event: 15.208 GC heap after
{Heap after GC invocations=10 (full 0):
 garbage-first heap   total 58368K, used 17369K [0x00000000c2800000, 0x0000000100000000)
  region size 1024K, 3 young (3072K), 3 survivors (3072K)
 Metaspace       used 25037K, committed 25408K, reserved 1073152K
  class space    used 3473K, committed 3648K, reserved 1048576K
}

